1618768962631:ffadfad
1618768970765:login
1618768978683:login test
1618769000243:help
1618769909051:login
1618769912332:login test
1618769975212:help
1618769980394:login test
1618770059593:help
1618770062354:login test
1618770588009:help
1618770591176:login test
1618771539723:help
1618771543640:login shawn
1618771557108:login test
1618771598781:ognts
1618771904708:login test
1618771911932:topup 100
1618771921667:login shawn
1618771925825:topup 50
1618772735865:login shawn
1618772743614:help
1618772758313:topup
1618772897566:help
1618772900962:logout
1618772906421:topup
1618772910866:topup 100
1618772914998:login shawn
1618772923075:topup 100
1618772989317:login shawn
1618772993667:logout
1618772999431:login shawn
1618773079029:login Alice
1618773124428:topup 100
1618773156903:login Bob
1618773173371:topup 80
1618773192689:pay alice 50
1618776582097:help
1618776588624:whoami
1618776593282:logout
1618776596811:topup
1618776601335:topup 100
1618776606900:pay aa
1618776611947:pay aa 100
1618776628132:login shawn
1618776638274:topup 10
1618776651201:pay bob 10
1618776661785:logout
1618776664956:whoami
1618776668986:login shawn
1618776671721:whoami
1618776674592:login bob
1618776678298:whoami
1618776689437:pay shawn 10
1618776701877:login alice
1618776713207:login bob
1618776744326:pay alice 50
1618776776998:pay alice 100
1618778589062:help
1618778594437:login Alice
1618778607011:topup 100
1618778649808:login bob
1618778656389:topup 80
1618778688164:pay alice 50
1618778754469:pay alice 100
1618778910257:login bob
1618778914150:pay alice 100
1618779357929:help
1618779360194:login
1618779363207:login alice
1618779367747:topup 100
1618779370747:login bob
1618779374572:topup 80
1618779379329:pay alice 50
1618779420602:pay alice 100
1618792860448:help
1618792867673:login bob
1618793168345:help
1618793170804:login bob
1618793187027:login alice
1618793241501:help
1618793244691:whoami
1618793248748:logout
1618793254526:whoami
1618793265515:login alice
1618793389114:login bob
1618793402303:logout
1618793403641:exit
1618793524593:help
1618793529752:login bob
1618793632467:login alice
1618795548487:login bob
1618795551883:log alice
1618795556525:login alice
1618795562507:whoami
1618795596366:login bob
1618795603997:topup 30
1618795758467:login bob
1618795768102:topup 30
1618795800724:ou 0
1618795838242:help
1618795841142:login bob
1618795849083:topup 100
1618795929154:login bob
1618795941434:topup 100
1618796044431:login bob
1618796119609:topup 10
1618796334992:login bob
1618796341613:login alice
1618796346658:login bob
1618796351101:login shawn
1618796356560:pay bob 10
1618796539574:login shawn
1618796549686:pay 20 bob
1618796556836:pay bob 20
1618797750804:login shawn
1618797761668:top 50
1618797766612:topup 50
1618797793365:login bob
1618797797626:log alice
1618797801749:login alice
1618797806091:login shawn
1618797809791:pay 100 alice
1618797816829:pay alice 100
1618797832990:login alice
1618797839166:login bob
1618800541472:help
1618800557845:login alice
1618800573659:topup 100
1618800581048:login bob
1618800591890:topup 80
1618800599613:pay alice 50
1618800608881:pay alice 100
1618800941356:login alice
1618800947809:topup 100
1618800952937:login bob
1618800959609:topup 80
1618800966198:pay alice 50
1618800978642:pay alice 100
1618800990443:topup 30
1618800999632:login alice
1618801022502:pay bob 30
1618801043201:pay 20
1618801047431:pay bob 20
1618801064085:login bob
1618801080073:pay 20 alice
1618801085135:pay alice 20
1618801092450:topup 100
1618801097507:whoami
1618801104954:pay 100 alice
1618801109186:pay alice 100
1618801113915:whoami
1618801116694:help
1618801123196:login alice
1618802334710:topup 100
1618802422270:whoami
1618802428937:login bob
1618802433051:topup 80
1618802438074:pay alice 50
1618802442619:pay alice 100
1618802447463:topup 30
1618802455854:login alice
1618802460264:pay bob 30
1618802465820:login bob
1618802470339:topup 100
1618802475366:login alice
1618803155010:topup 100
1618803158243:exit
1618803285538:whoami
1618803290281:pay bob 11
1618803292779:exit
1618806333031:help
1618806805585:login alice
1618806809433:topup 100
1618806812513:login bob
1618806816072:topup 80
1618806821422:pay alice 50
1618806831880:pay alice 100
1618806839733:topup 30
1618806844911:login alice
1618806848437:pay bob 30
1618806853732:login bob
1618806856131:top 100
1618806862273:topup 100
1618806866189:login alice
1618806870461:exit
1618807553060:help
1618807554941:exit
1618808312107:login alice
1618808315184:topup 100
1618808318458:login bob
1618808321325:topup 80
1618808327574:pay alice 50
1618808330656:pay alice 100
1618808335369:topup 30
1618808341173:login alice
1618808348576:pay bob 30
1618808354412:login bob
1618808358737:topup 100
1618808363099:login alice
1618808365495:exit
